SF:lib/src/git_service/parsers/git_url_parser.dart
DA:10,4
DA:11,4
DA:14,4
DA:15,4
LF:4
LH:4
end_of_record
SF:lib/src/git_service/rw_git_facade.dart
DA:19,25
DA:21,1
DA:23,25
LF:3
LH:3
end_of_record
SF:lib/src/git_service/parsers/rw_git_parser.dart
DA:12,8
DA:14,8
DA:16,32
DA:24,1
DA:26,2
DA:27,1
DA:29,4
DA:31,1
DA:33,1
DA:42,6
DA:43,6
DA:44,6
DA:45,6
DA:48,6
DA:49,18
DA:50,18
DA:53,24
DA:54,24
DA:55,24
DA:57,1
DA:58,1
DA:59,1
DA:62,6
DA:70,3
DA:71,3
DA:75,9
DA:76,6
DA:77,2
DA:79,1
DA:83,3
LF:30
LH:30
end_of_record
SF:lib/src/models/short_stat_dto.dart
DA:10,8
DA:11,2
DA:12,4
DA:13,4
DA:14,4
LF:5
LH:5
end_of_record
SF:lib/src/models/short_log_dto.dart
DA:9,5
LF:1
LH:1
end_of_record
SF:lib/src/models/churn_metrics_dto.dart
DA:14,4
DA:22,1
LF:2
LH:2
end_of_record
SF:lib/src/models/churn_metrics_with_authors_dto.dart
DA:13,3
DA:25,5
DA:33,1
LF:3
LH:3
end_of_record
SF:lib/src/core/exceptions.dart
DA:13,11
DA:20,1
DA:22,5
DA:29,4
DA:30,4
DA:31,4
DA:40,2
DA:41,2
DA:42,2
DA:49,2
DA:50,2
DA:58,2
DA:59,2
LF:13
LH:13
end_of_record
SF:lib/src/core/process_runner.dart
DA:14,20
DA:17,24
DA:30,10
DA:35,10
DA:42,10
DA:43,10
DA:45,10
DA:46,10
DA:47,19
DA:48,9
DA:50,2
DA:54,10
DA:55,10
DA:56,17
DA:57,7
DA:59,0
DA:63,10
DA:64,20
DA:66,30
DA:67,10
DA:68,1
DA:69,1
DA:71,1
DA:77,1
DA:82,1
DA:89,1
DA:90,1
DA:91,3
DA:92,1
DA:93,1
DA:94,1
DA:96,1
DA:97,1
DA:98,1
DA:100,1
DA:101,1
DA:103,1
DA:104,1
DA:105,3
DA:107,1
DA:108,1
DA:110,1
DA:120,19
DA:122,18
DA:124,36
DA:125,54
DA:128,18
DA:131,36
DA:133,36
DA:134,4
DA:137,3
DA:138,3
DA:144,1
DA:147,2
DA:148,2
DA:151,1
DA:152,2
DA:154,1
DA:155,3
DA:156,2
DA:160,2
DA:161,1
DA:168,23
DA:169,46
DA:170,24
DA:172,8
DA:174,3
DA:175,3
DA:176,7
DA:177,1
DA:178,1
DA:179,7
DA:180,1
DA:181,1
DA:184,7
DA:186,7
LF:76
LH:75
end_of_record
SF:lib/src/quality/code_quality_tracker.dart
DA:19,2
DA:23,1
DA:25,1
DA:27,1
DA:28,1
DA:31,2
DA:33,1
DA:34,1
DA:41,2
DA:42,2
DA:44,1
DA:45,1
DA:46,1
DA:48,1
DA:49,2
DA:54,4
DA:55,1
DA:57,2
DA:59,5
DA:61,0
DA:66,1
DA:67,1
DA:69,1
DA:72,1
DA:73,2
DA:74,2
DA:76,5
DA:77,0
DA:78,0
DA:79,0
DA:89,1
DA:91,1
DA:93,1
DA:94,1
DA:96,2
DA:97,1
DA:99,2
DA:102,1
DA:103,2
DA:107,1
DA:109,1
DA:111,1
DA:112,1
DA:114,1
DA:116,2
DA:117,1
DA:119,4
DA:121,1
DA:123,1
DA:124,1
DA:127,2
DA:128,1
DA:130,2
DA:133,3
DA:137,2
DA:139,2
DA:141,2
DA:142,2
DA:145,4
DA:146,2
DA:148,4
DA:151,6
DA:156,1
DA:158,1
DA:160,1
DA:161,1
DA:163,1
DA:165,2
DA:166,1
DA:168,4
DA:170,1
DA:172,1
DA:173,1
DA:176,2
DA:177,1
DA:179,2
DA:182,1
DA:183,2
DA:191,1
DA:193,1
DA:195,1
DA:198,2
DA:199,2
DA:202,1
DA:203,1
DA:204,1
DA:205,1
DA:206,1
DA:213,1
DA:214,2
DA:215,1
DA:216,4
DA:217,1
DA:218,4
DA:219,1
DA:220,1
DA:221,4
DA:225,2
DA:226,1
DA:227,1
DA:228,1
DA:229,2
DA:230,1
DA:231,1
DA:232,1
DA:233,2
DA:234,2
DA:236,0
DA:245,2
DA:246,2
DA:247,2
DA:251,2
DA:254,2
DA:256,2
DA:257,2
DA:258,4
DA:259,4
DA:260,4
DA:261,4
DA:263,2
DA:267,4
DA:268,4
DA:270,2
DA:271,1
DA:272,1
DA:273,1
DA:274,1
DA:275,1
DA:276,1
DA:277,1
DA:278,1
DA:279,2
DA:281,6
DA:283,0
DA:285,2
DA:286,2
DA:287,4
DA:288,2
DA:289,2
DA:290,2
DA:291,2
DA:292,2
DA:293,2
DA:294,2
DA:295,2
DA:301,2
DA:303,4
DA:306,1
DA:307,1
DA:308,1
DA:309,1
DA:311,1
DA:313,2
DA:314,2
DA:316,1
DA:317,2
DA:318,1
DA:319,3
DA:321,1
DA:324,1
DA:325,2
DA:326,3
DA:327,1
DA:328,3
DA:331,1
DA:332,4
DA:333,1
DA:334,3
DA:342,1
DA:350,1
DA:352,1
DA:353,1
DA:354,1
DA:356,1
DA:359,2
DA:360,2
DA:362,1
DA:363,2
DA:364,1
DA:365,2
DA:366,1
DA:367,3
DA:368,2
DA:369,3
DA:371,1
DA:372,1
DA:373,2
DA:374,3
DA:375,1
DA:376,3
DA:377,2
DA:378,3
DA:380,1
DA:381,4
DA:382,1
DA:383,3
DA:384,2
DA:385,3
DA:394,1
DA:395,1
DA:396,2
DA:397,5
DA:398,4
DA:403,1
DA:404,1
DA:405,1
DA:406,1
LF:207
LH:201
end_of_record
SF:lib/src/mcp/mcp_server.dart
DA:14,1
DA:19,1
DA:20,1
DA:21,1
DA:24,1
DA:25,1
DA:26,2
DA:27,1
DA:28,2
DA:30,1
DA:31,1
DA:33,1
DA:35,3
DA:40,1
DA:41,1
DA:42,1
DA:43,2
DA:45,1
DA:46,2
DA:48,2
DA:49,1
DA:51,1
DA:53,1
DA:54,2
DA:55,1
DA:56,2
DA:57,2
DA:59,1
DA:60,1
DA:61,2
DA:64,2
DA:68,2
DA:70,2
DA:75,1
DA:76,1
DA:77,1
DA:78,2
DA:79,4
DA:81,3
DA:84,3
DA:88,1
DA:89,4
DA:96,1
DA:97,4
DA:100,1
DA:101,1
DA:102,1
DA:108,1
DA:109,4
DA:112,1
LF:50
LH:50
end_of_record
SF:lib/src/mcp/mcp_registry.dart
DA:10,2
DA:11,6
DA:15,2
DA:16,4
DA:20,2
DA:21,8
DA:22,2
DA:23,2
DA:24,2
DA:25,2
DA:27,2
LF:11
LH:11
end_of_record
SF:lib/src/mcp/tools/execute_git_command_tool.dart
DA:9,1
DA:11,1
DA:14,1
DA:20,1
DA:21,1
DA:23,1
DA:24,1
DA:28,1
DA:30,1
DA:34,1
DA:37,1
DA:39,1
DA:40,2
DA:44,2
LF:14
LH:14
end_of_record
SF:lib/src/mcp/tools/analyze_code_quality_tool.dart
DA:7,1
DA:9,1
DA:12,1
DA:23,1
DA:31,1
DA:34,2
DA:37,3
DA:38,2
DA:39,6
DA:40,1
DA:41,5
DA:44,2
DA:45,2
DA:50,1
DA:51,7
DA:54,2
DA:57,3
DA:60,1
DA:61,1
DA:62,2
DA:63,1
DA:65,1
DA:66,5
DA:67,1
LF:24
LH:24
end_of_record
SF:lib/src/mcp/tools/analyze_code_quality_with_authors_tool.dart
DA:10,1
DA:12,1
DA:15,1
DA:25,1
DA:34,1
DA:38,2
DA:41,3
DA:42,2
DA:43,2
DA:44,5
DA:45,1
DA:46,7
DA:49,2
DA:50,2
DA:55,1
DA:56,11
DA:59,2
DA:62,3
DA:65,1
DA:66,1
DA:67,2
DA:68,5
DA:69,6
DA:72,1
DA:73,1
DA:74,2
DA:75,1
DA:77,1
DA:78,2
DA:79,7
DA:80,1
LF:31
LH:31
end_of_record
SF:lib/src/mcp/tools/get_rw_git_documentation_tool.dart
DA:7,1
DA:10,1
DA:15,1
DA:17,3
DA:19,2
LF:5
LH:5
end_of_record
SF:lib/src/mcp/tools/init_repository_tool.dart
DA:10,2
DA:12,0
DA:15,0
DA:20,0
DA:21,0
DA:23,0
DA:24,0
DA:29,0
DA:32,2
DA:34,2
DA:35,4
DA:36,4
LF:12
LH:5
end_of_record
SF:lib/src/mcp/tools/is_git_repository_tool.dart
DA:10,2
DA:12,0
DA:15,0
DA:20,0
DA:21,0
DA:23,0
DA:24,0
DA:29,0
DA:32,2
DA:34,2
DA:35,4
DA:36,4
LF:12
LH:5
end_of_record
SF:lib/src/mcp/tools/clone_repository_tool.dart
DA:10,2
DA:12,0
DA:15,0
DA:20,0
DA:21,0
DA:23,0
DA:24,0
DA:28,0
DA:33,0
DA:36,2
DA:38,2
DA:39,2
DA:40,4
DA:41,4
LF:14
LH:6
end_of_record
SF:lib/src/mcp/tools/checkout_branch_tool.dart
DA:10,2
DA:12,0
DA:15,0
DA:20,0
DA:21,0
DA:23,0
DA:24,0
DA:28,0
DA:33,0
DA:36,2
DA:38,2
DA:39,2
DA:40,4
DA:41,4
LF:14
LH:6
end_of_record
SF:lib/src/mcp/tools/fetch_tags_tool.dart
DA:10,2
DA:12,0
DA:15,0
DA:20,0
DA:21,0
DA:23,0
DA:24,0
DA:29,0
DA:32,2
DA:34,2
DA:35,4
DA:36,4
LF:12
LH:5
end_of_record
SF:lib/src/mcp/tools/get_commits_between_tool.dart
DA:10,2
DA:12,0
DA:15,0
DA:20,0
DA:21,0
DA:23,0
DA:24,0
DA:28,0
DA:32,0
DA:37,0
DA:40,2
DA:42,2
DA:43,2
DA:44,2
DA:46,4
DA:47,4
LF:16
LH:7
end_of_record
SF:lib/src/mcp/tools/get_stats_tool.dart
DA:10,2
DA:12,0
DA:15,0
DA:20,0
DA:21,0
DA:23,0
DA:24,0
DA:28,0
DA:32,0
DA:37,0
DA:40,2
DA:42,2
DA:43,2
DA:44,2
DA:45,4
DA:46,4
DA:47,2
DA:48,2
DA:49,2
LF:19
LH:10
end_of_record
SF:lib/src/mcp/tools/get_contributions_by_author_tool.dart
DA:10,2
DA:12,0
DA:15,0
DA:20,0
DA:21,0
DA:23,0
DA:24,0
DA:29,0
DA:32,2
DA:34,2
DA:35,4
DA:36,4
DA:38,6
DA:39,2
DA:40,2
DA:42,2
LF:16
LH:9
end_of_record
SF:lib/src/mcp/tools/clone_specific_branch_tool.dart
DA:10,2
DA:12,0
DA:15,0
DA:20,0
DA:21,0
DA:23,0
DA:24,0
DA:28,0
DA:32,0
DA:37,0
DA:44,2
DA:46,2
DA:47,2
DA:48,2
DA:49,4
DA:50,4
LF:16
LH:7
end_of_record
SF:lib/src/mcp/tools/clone_and_get_statistics_tool.dart
DA:10,2
DA:12,0
DA:15,0
DA:20,0
DA:21,0
DA:23,0
DA:24,0
DA:28,0
DA:32,0
DA:36,0
DA:41,0
DA:49,2
DA:51,2
DA:52,2
DA:53,2
DA:54,2
DA:56,4
DA:57,4
DA:58,2
DA:59,2
DA:60,2
LF:21
LH:11
end_of_record
SF:lib/src/mcp/tools/analyze_release_delta_tool.dart
DA:11,1
DA:13,1
DA:16,0
DA:23,1
DA:24,1
DA:26,1
DA:27,1
DA:31,1
DA:35,1
DA:39,1
DA:45,1
DA:48,1
DA:50,1
DA:51,1
DA:52,1
DA:53,1
DA:56,2
DA:57,2
DA:60,1
DA:61,2
DA:64,1
DA:65,2
DA:67,1
DA:75,1
DA:78,1
DA:79,1
DA:81,1
DA:82,2
DA:83,2
DA:84,1
DA:85,1
DA:86,2
DA:87,2
DA:88,3
DA:91,1
DA:97,1
DA:99,1
DA:100,2
DA:101,2
DA:102,1
DA:103,2
DA:104,3
DA:105,3
DA:106,2
DA:107,1
DA:108,1
DA:109,2
DA:113,5
DA:117,1
DA:118,3
DA:119,1
DA:120,1
DA:121,1
DA:122,1
DA:124,1
DA:126,1
DA:130,1
DA:131,1
DA:137,1
DA:148,1
DA:150,4
LF:61
LH:60
end_of_record
SF:lib/src/mcp/tools/analyze_bus_factor_tool.dart
DA:11,1
DA:13,1
DA:16,0
DA:24,1
DA:25,1
DA:27,1
DA:28,1
DA:32,1
DA:36,1
DA:42,1
DA:45,1
DA:47,1
DA:48,1
DA:49,1
DA:52,2
DA:54,1
DA:55,1
DA:58,3
DA:59,1
DA:60,1
DA:62,3
DA:63,5
DA:65,1
DA:67,1
DA:68,3
DA:70,1
DA:72,1
DA:73,1
DA:75,3
DA:76,1
DA:79,1
DA:81,3
DA:82,1
DA:86,1
DA:87,0
DA:88,2
DA:89,3
DA:91,1
DA:92,1
DA:98,1
DA:100,1
DA:103,1
LF:42
LH:40
end_of_record
SF:lib/src/mcp/tools/base_evaluate_comments_tool.dart
DA:9,1
DA:11,0
DA:12,0
DA:14,0
DA:15,0
DA:19,0
DA:25,0
DA:28,1
DA:30,1
DA:31,1
DA:34,2
DA:36,1
DA:38,1
DA:39,1
DA:55,1
LF:15
LH:9
end_of_record
SF:lib/src/mcp/tools/evaluate_comment_llm_generation_tool.dart
DA:7,1
DA:9,1
DA:12,0
DA:16,1
LF:4
LH:3
end_of_record
SF:lib/src/mcp/tools/evaluate_comment_quality_tool.dart
DA:7,1
DA:9,1
DA:12,0
DA:16,1
LF:4
LH:3
end_of_record
SF:lib/src/mcp/tools/evaluate_comment_necessity_tool.dart
DA:7,1
DA:9,1
DA:12,0
DA:16,1
LF:4
LH:3
end_of_record
SF:lib/src/commands/checkout_command.dart
DA:7,4
DA:9,4
DA:13,8
DA:14,1
DA:15,5
DA:16,12
DA:18,4
DA:19,8
LF:8
LH:8
end_of_record
SF:lib/src/core/git_command.dart
DA:12,20
LF:1
LH:1
end_of_record
SF:lib/src/commands/clone_command.dart
DA:8,11
DA:10,11
DA:12,22
DA:15,44
DA:17,11
DA:18,22
LF:6
LH:6
end_of_record
SF:lib/src/commands/fetch_tags_command.dart
DA:6,3
DA:8,3
DA:11,9
DA:13,3
DA:14,9
LF:5
LH:5
end_of_record
SF:lib/src/commands/get_commits_command.dart
DA:9,2
DA:12,2
DA:16,4
DA:17,8
DA:19,2
DA:20,2
DA:21,4
LF:7
LH:7
end_of_record
SF:lib/src/commands/init_command.dart
DA:5,5
DA:7,5
DA:9,10
DA:10,15
DA:12,10
LF:5
LH:5
end_of_record
SF:lib/src/commands/is_git_repository_command.dart
DA:4,3
DA:6,3
DA:8,6
DA:9,3
DA:12,6
DA:13,15
LF:6
LH:6
end_of_record
SF:lib/src/commands/shortlog_command.dart
DA:7,2
DA:9,2
DA:12,6
DA:14,2
DA:16,2
DA:17,4
DA:18,8
LF:7
LH:7
end_of_record
SF:lib/src/commands/stats_command.dart
DA:10,5
DA:12,5
DA:15,10
DA:16,15
DA:18,5
DA:19,15
LF:6
LH:6
end_of_record
SF:lib/src/git_service/base_rw_git.dart
DA:12,2
DA:17,2
DA:20,2
DA:21,4
DA:22,2
DA:24,2
DA:26,1
DA:31,2
DA:36,2
DA:39,2
DA:40,4
DA:41,2
DA:43,2
DA:45,1
DA:46,1
LF:15
LH:15
end_of_record
SF:lib/src/git_service/cli_rw_git.dart
DA:16,25
DA:17,9
DA:19,5
DA:21,10
DA:22,5
DA:25,3
DA:28,6
DA:29,3
DA:32,11
DA:35,22
DA:36,11
DA:39,4
DA:42,8
DA:43,4
DA:46,3
DA:49,6
DA:50,3
DA:53,2
DA:57,4
DA:58,2
DA:61,5
DA:65,10
DA:66,5
DA:69,2
DA:72,4
DA:73,2
DA:76,5
DA:79,10
DA:81,5
DA:82,10
LF:30
LH:30
end_of_record
SF:lib/src/mcp/tools/base_analyze_code_quality_tool.dart
DA:10,2
DA:12,2
DA:13,2
DA:15,2
DA:16,2
DA:20,2
DA:25,2
DA:30,2
DA:36,2
DA:39,2
DA:41,2
DA:42,2
DA:43,2
DA:44,2
DA:47,4
DA:48,4
DA:51,4
DA:52,2
DA:54,4
DA:55,0
DA:60,2
DA:61,2
DA:64,6
DA:86,4
DA:89,4
DA:98,4
LF:26
LH:25
end_of_record
