SF:/Users/ioannis/Documents/GitHub/rw-git/lib/src/models/short_log_dto.dart
DA:9,3
LF:1
LH:1
end_of_record
SF:/Users/ioannis/Documents/GitHub/rw-git/lib/src/git_service/parsers/git_url_parser.dart
DA:10,2
DA:11,2
DA:14,2
DA:15,2
LF:4
LH:4
end_of_record
SF:/Users/ioannis/Documents/GitHub/rw-git/lib/src/git_service/rw_git_facade.dart
DA:28,12
DA:29,9
DA:31,4
DA:32,12
DA:35,2
DA:36,6
DA:39,8
DA:40,16
DA:41,8
DA:44,2
DA:46,4
DA:47,2
DA:50,2
DA:51,6
DA:54,1
DA:56,2
DA:57,1
DA:60,3
DA:62,6
DA:63,3
DA:66,1
DA:68,3
DA:71,1
DA:74,1
DA:76,1
DA:77,2
DA:78,1
DA:80,1
DA:81,1
DA:88,1
DA:91,1
DA:93,1
DA:94,2
DA:95,1
DA:97,1
DA:98,1
DA:99,1
DA:104,3
DA:105,6
DA:106,3
DA:107,6
LF:41
LH:41
end_of_record
SF:/Users/ioannis/Documents/GitHub/rw-git/lib/src/git_service/parsers/rw_git_parser.dart
DA:12,5
DA:14,5
DA:16,20
DA:24,1
DA:26,2
DA:27,1
DA:29,4
DA:31,1
DA:33,1
DA:42,4
DA:43,4
DA:44,4
DA:45,4
DA:48,4
DA:49,12
DA:50,12
DA:53,16
DA:54,16
DA:55,16
DA:57,1
DA:58,1
DA:59,1
DA:62,4
DA:70,2
DA:71,2
DA:75,6
DA:76,4
DA:77,1
DA:79,1
DA:83,2
LF:30
LH:30
end_of_record
SF:/Users/ioannis/Documents/GitHub/rw-git/lib/src/models/short_stat_dto.dart
DA:10,5
DA:11,2
DA:12,4
DA:13,4
DA:14,4
LF:5
LH:5
end_of_record
SF:/Users/ioannis/Documents/GitHub/rw-git/lib/src/models/churn_metrics_dto.dart
DA:14,24
DA:22,1
LF:2
LH:2
end_of_record
SF:/Users/ioannis/Documents/GitHub/rw-git/lib/src/models/churn_metrics_with_authors_dto.dart
DA:13,2
DA:25,24
DA:33,1
LF:3
LH:3
end_of_record
SF:/Users/ioannis/Documents/GitHub/rw-git/lib/src/core/exceptions.dart
DA:13,11
DA:20,1
DA:22,5
DA:29,4
DA:30,4
DA:31,4
DA:40,2
DA:41,2
DA:42,2
DA:49,2
DA:50,2
DA:58,2
DA:59,2
LF:13
LH:13
end_of_record
SF:/Users/ioannis/Documents/GitHub/rw-git/lib/src/core/process_runner.dart
DA:12,20
DA:15,6
DA:23,10
DA:28,10
DA:36,1
DA:37,1
DA:39,1
DA:49,5
DA:51,5
DA:53,10
DA:54,15
DA:57,5
DA:60,10
DA:61,10
DA:62,4
DA:67,12
DA:68,24
DA:69,27
DA:71,9
DA:73,3
DA:74,3
DA:75,8
DA:76,1
DA:77,1
DA:78,8
DA:79,1
DA:80,1
DA:83,8
DA:85,8
LF:29
LH:29
end_of_record
SF:/Users/ioannis/Documents/GitHub/rw-git/lib/src/quality/code_quality_tracker.dart
DA:19,1
DA:22,1
DA:24,3
DA:26,1
DA:28,2
DA:31,3
DA:35,1
DA:37,2
DA:38,1
DA:40,1
DA:42,2
DA:45,1
DA:46,2
DA:50,1
DA:51,2
DA:52,1
DA:54,1
DA:56,4
DA:58,3
DA:60,1
DA:62,2
DA:65,3
DA:70,1
DA:72,2
DA:73,1
DA:75,1
DA:77,4
DA:79,3
DA:81,1
DA:83,2
DA:86,1
DA:87,2
DA:95,1
DA:96,1
DA:97,1
DA:101,1
DA:102,2
DA:103,2
DA:104,1
DA:105,2
DA:106,1
DA:107,2
DA:109,1
DA:110,1
DA:118,1
DA:120,1
DA:122,1
DA:125,2
DA:126,2
DA:129,1
DA:130,1
DA:131,1
DA:132,1
DA:133,1
DA:140,1
DA:141,2
DA:142,1
DA:143,4
DA:144,1
DA:145,4
DA:146,1
DA:147,1
DA:148,4
DA:152,2
DA:153,1
DA:154,1
DA:155,1
DA:162,1
DA:163,1
DA:164,1
DA:165,1
DA:167,1
DA:169,2
DA:170,2
DA:172,1
DA:173,2
DA:174,1
DA:175,3
DA:177,1
DA:180,1
DA:181,2
DA:182,3
DA:183,1
DA:184,3
DA:187,1
DA:188,4
DA:189,1
DA:190,3
DA:198,1
DA:206,1
DA:208,1
DA:209,1
DA:210,1
DA:212,1
DA:215,2
DA:216,2
DA:218,1
DA:219,2
DA:220,1
DA:221,2
DA:222,1
DA:223,3
DA:224,2
DA:225,3
DA:227,1
DA:228,1
DA:229,2
DA:230,3
DA:231,1
DA:232,3
DA:233,2
DA:234,3
DA:236,1
DA:237,4
DA:238,1
DA:239,3
DA:240,2
DA:241,3
DA:250,1
DA:251,1
DA:252,2
DA:253,5
DA:254,4
DA:259,1
DA:260,1
DA:261,1
DA:262,1
LF:127
LH:127
end_of_record
SF:/Users/ioannis/Documents/GitHub/rw-git/lib/src/mcp/mcp_server.dart
DA:14,1
DA:19,1
DA:20,1
DA:21,1
DA:24,1
DA:25,1
DA:26,2
DA:27,1
DA:28,2
DA:30,1
DA:31,1
DA:33,1
DA:35,3
DA:40,1
DA:41,1
DA:42,1
DA:43,2
DA:45,1
DA:46,2
DA:48,2
DA:49,1
DA:51,1
DA:53,1
DA:54,2
DA:55,2
DA:57,1
DA:58,1
DA:59,2
DA:62,2
DA:66,2
DA:68,2
DA:73,1
DA:74,1
DA:75,1
DA:76,2
DA:77,4
DA:79,3
DA:82,3
DA:86,1
DA:87,4
DA:94,1
DA:95,4
DA:98,1
DA:99,1
DA:100,1
DA:106,1
DA:107,4
DA:110,1
LF:48
LH:48
end_of_record
SF:/Users/ioannis/Documents/GitHub/rw-git/lib/src/mcp/mcp_registry.dart
DA:10,2
DA:11,6
DA:15,2
DA:16,4
DA:20,2
DA:21,8
DA:22,2
DA:23,2
DA:24,2
DA:25,2
DA:27,2
LF:11
LH:11
end_of_record
SF:/Users/ioannis/Documents/GitHub/rw-git/lib/src/mcp/tools/execute_git_command_tool.dart
DA:9,1
DA:11,1
DA:14,1
DA:20,1
DA:21,1
DA:23,1
DA:24,1
DA:28,1
DA:30,1
DA:34,1
DA:37,1
DA:39,1
DA:40,2
DA:44,2
LF:14
LH:14
end_of_record
SF:/Users/ioannis/Documents/GitHub/rw-git/lib/src/mcp/tools/analyze_code_quality_tool.dart
DA:9,1
DA:11,1
DA:14,1
DA:21,1
DA:22,1
DA:24,1
DA:25,1
DA:30,1
DA:33,1
DA:35,1
DA:37,2
DA:38,2
DA:39,2
DA:42,3
DA:43,2
DA:44,6
DA:45,1
DA:46,1
DA:50,2
DA:53,2
DA:55,1
DA:56,7
DA:59,2
DA:62,2
DA:63,1
DA:66,1
DA:67,1
DA:68,2
DA:69,1
DA:71,1
DA:72,5
DA:73,1
LF:32
LH:32
end_of_record
SF:/Users/ioannis/Documents/GitHub/rw-git/lib/src/mcp/tools/analyze_code_quality_with_authors_tool.dart
DA:10,1
DA:12,1
DA:15,1
DA:21,1
DA:22,1
DA:24,1
DA:25,1
DA:30,1
DA:33,1
DA:35,1
DA:37,2
DA:38,2
DA:39,2
DA:42,3
DA:43,2
DA:44,2
DA:45,5
DA:46,1
DA:47,1
DA:51,2
DA:54,2
DA:56,1
DA:57,11
DA:60,2
DA:63,2
DA:64,1
DA:67,1
DA:68,1
DA:69,2
DA:70,5
DA:71,6
DA:74,1
DA:75,1
DA:76,2
DA:77,1
DA:79,1
DA:80,2
DA:81,7
DA:82,1
LF:39
LH:39
end_of_record
SF:/Users/ioannis/Documents/GitHub/rw-git/lib/src/mcp/tools/retrieve_commits_for_review_tool.dart
DA:9,1
DA:11,1
DA:14,1
DA:18,1
DA:19,1
DA:21,1
DA:22,1
DA:26,1
DA:31,1
DA:34,1
DA:36,1
DA:37,2
DA:40,3
DA:54,1
LF:14
LH:14
end_of_record
SF:/Users/ioannis/Documents/GitHub/rw-git/lib/src/mcp/tools/get_rw_git_documentation_tool.dart
DA:7,1
DA:10,1
DA:14,1
DA:16,3
DA:18,1
LF:5
LH:5
end_of_record
SF:/Users/ioannis/Documents/GitHub/rw-git/lib/src/commands/checkout_command.dart
DA:7,2
DA:9,2
DA:13,4
DA:14,1
DA:15,3
DA:16,6
DA:18,2
DA:19,4
LF:8
LH:8
end_of_record
SF:/Users/ioannis/Documents/GitHub/rw-git/lib/src/core/git_command.dart
DA:12,10
LF:1
LH:1
end_of_record
SF:/Users/ioannis/Documents/GitHub/rw-git/lib/src/commands/clone_command.dart
DA:8,8
DA:10,8
DA:12,16
DA:15,32
DA:17,8
DA:18,16
LF:6
LH:6
end_of_record
SF:/Users/ioannis/Documents/GitHub/rw-git/lib/src/commands/fetch_tags_command.dart
DA:6,2
DA:8,2
DA:11,6
DA:12,2
DA:13,6
LF:5
LH:5
end_of_record
SF:/Users/ioannis/Documents/GitHub/rw-git/lib/src/commands/get_commits_command.dart
DA:9,1
DA:12,1
DA:15,2
DA:16,4
DA:18,1
DA:19,1
DA:20,2
LF:7
LH:7
end_of_record
SF:/Users/ioannis/Documents/GitHub/rw-git/lib/src/commands/init_command.dart
DA:5,4
DA:7,4
DA:9,8
DA:11,12
DA:12,8
LF:5
LH:5
end_of_record
SF:/Users/ioannis/Documents/GitHub/rw-git/lib/src/commands/is_git_repository_command.dart
DA:4,2
DA:6,2
DA:8,4
DA:9,2
DA:12,4
DA:13,10
LF:6
LH:6
end_of_record
SF:/Users/ioannis/Documents/GitHub/rw-git/lib/src/commands/shortlog_command.dart
DA:7,1
DA:9,1
DA:11,3
DA:13,1
DA:15,1
DA:16,2
DA:17,4
LF:7
LH:7
end_of_record
SF:/Users/ioannis/Documents/GitHub/rw-git/lib/src/commands/stats_command.dart
DA:10,3
DA:12,3
DA:14,6
DA:15,9
DA:17,3
DA:18,9
LF:6
LH:6
end_of_record
